<?xml version="1.0" encoding="UTF-8"?>
<testng-results skipped="0" failed="0" total="1" passed="1">
  <reporter-output>
  </reporter-output>
  <suite name="Default suite" duration-ms="26322" started-at="2018-06-09T02:25:44Z" finished-at="2018-06-09T02:26:11Z">
    <groups>
    </groups>
    <test name="Default test" duration-ms="26322" started-at="2018-06-09T02:25:44Z" finished-at="2018-06-09T02:26:11Z">
      <class name="guru99_sessions.test_1">
        <test-method status="PASS" signature="setup()[pri:0, instance:guru99_sessions.test_1@68be2bc2]" name="setup" duration-ms="26290" started-at="2018-06-08T22:25:44Z" finished-at="2018-06-08T22:26:11Z">
          <reporter-output>
          </reporter-output>
        </test-method> <!-- setup -->
      </class> <!-- guru99_sessions.test_1 -->
    </test> <!-- Default test -->
  </suite> <!-- Default suite -->
</testng-results>
